<?xml version="1.0" encoding="UTF-8"?>
<!-- Generated by org.testng.reporters.JUnitXMLReporter -->
<testsuite hostname="DESKTOP-UBPG90J" ignored="0" name="RegrassionTesting" tests="27" failures="0" timestamp="2020-08-18T18:17:27 IST" time="59.592" errors="0">
  <testcase name="Hai" time="0.008" classname="EST_TimeZone.TestNgExp1"/>
  <testcase name="PrintMsg" time="0.002" classname="EST_TimeZone.TestNgExp1"/>
  <testcase name="SayHello" time="0.002" classname="EST_TimeZone.TestNgExp1"/>
  <testcase name="f" time="0.003" classname="EST_TimeZone.TestNGExp2"/>
  <testcase name="g" time="0.005" classname="EST_TimeZone.TestNGExp2"/>
  <testcase name="h" time="0.006" classname="EST_TimeZone.TestNGExp2"/>
  <testcase name="l" time="0.008" classname="EST_TimeZone.TestNGExp2"/>
  <testcase name="k" time="0.005" classname="EST_TimeZone.TestNGExp3"/>
  <testcase name="d" time="0.002" classname="EST_TimeZone.TestNGExp3"/>
  <testcase name="s" time="0.01" classname="EST_TimeZone.TestNGExp3"/>
  <testcase name="f" time="0.002" classname="EST_TimeZone.TestNGExp3"/>
  <testcase name="Tc01" time="0.003" classname="EST_TimeZone.TestNgExp4"/>
  <testcase name="Tc03" time="0.003" classname="EST_TimeZone.TestNgExp4"/>
  <testcase name="PrintSomething" time="0.002" classname="EST_TimeZone.TestNgExp5"/>
  <testcase name="SayHello" time="0.002" classname="EST_TimeZone.TestNgExp5"/>
  <testcase name="PrintSome" time="0.002" classname="EST_TimeZone.TestNgExp6"/>
  <testcase name="PrintSomething" time="0.001" classname="EST_TimeZone.TestNgExp6"/>
  <testcase name="printSome" time="0.002" classname="EST_TimeZone.TestNGExp7"/>
  <testcase name="printSome12" time="0.003" classname="EST_TimeZone.TestNGExp7"/>
  <testcase name="E" time="0.003" classname="EST_TimeZone.TestNGExp8"/>
  <testcase name="C" time="0.003" classname="EST_TimeZone.TestNGExp8"/>
  <testcase name="B" time="0.003" classname="EST_TimeZone.TestNGExp8"/>
  <testcase name="A" time="0.003" classname="EST_TimeZone.TestNGExp8"/>
  <testcase name="D" time="0.002" classname="EST_TimeZone.TestNGExp8"/>
  <testcase name="LaunchAUT" time="28.5" classname="EST_TimeZone.TestNgExp9"/>
  <testcase name="SendData" time="5.713" classname="EST_TimeZone.TestNgExp9"/>
  <testcase name="Click" time="25.007" classname="EST_TimeZone.TestNgExp9"/>
</testsuite> <!-- RegrassionTesting -->
