<?xml version="1.0" encoding="UTF-8"?>
<!-- Generated by org.testng.reporters.JUnitXMLReporter -->
<testsuite hostname="DESKTOP-UBPG90J" ignored="0" name="RegrassionTesting" tests="11" failures="0" timestamp="18 Aug 2020 12:40:26 GMT" time="0.062" errors="0">
  <testcase name="Hai" time="0.007" classname="EST_TimeZone.TestNgExp1"/>
  <testcase name="PrintMsg" time="0.001" classname="EST_TimeZone.TestNgExp1"/>
  <testcase name="SayHello" time="0.0" classname="EST_TimeZone.TestNgExp1"/>
  <testcase name="f" time="0.001" classname="EST_TimeZone.TestNGExp2"/>
  <testcase name="g" time="0.0" classname="EST_TimeZone.TestNGExp2"/>
  <testcase name="h" time="0.0" classname="EST_TimeZone.TestNGExp2"/>
  <testcase name="l" time="0.0" classname="EST_TimeZone.TestNGExp2"/>
  <testcase name="k" time="0.0" classname="EST_TimeZone.TestNGExp3"/>
  <testcase name="d" time="0.0" classname="EST_TimeZone.TestNGExp3"/>
  <testcase name="s" time="0.0" classname="EST_TimeZone.TestNGExp3"/>
  <testcase name="f" time="0.0" classname="EST_TimeZone.TestNGExp3"/>
</testsuite> <!-- RegrassionTesting -->
