<?xml version="1.0" encoding="UTF-8"?>
<testng-results skipped="0" failed="1" ignored="1" total="6" passed="4">
  <reporter-output>
  </reporter-output>
  <suite name="Default suite" duration-ms="46265" started-at="2020-08-24T18:54:11 IST" finished-at="2020-08-24T18:54:57 IST">
    <groups>
    </groups>
    <test name="Default test" duration-ms="46265" started-at="2020-08-24T18:54:11 IST" finished-at="2020-08-24T18:54:57 IST">
      <class name="EST_TimeZone.TestNgExp16">
        <test-method status="PASS" signature="LaunchAUT()[pri:1, instance:EST_TimeZone.TestNgExp16@1f7030a6]" name="LaunchAUT" duration-ms="19038" started-at="2020-08-24T18:54:11 IST" finished-at="2020-08-24T18:54:30 IST">
          <reporter-output>
          </reporter-output>
        </test-method> <!-- LaunchAUT -->
        <test-method status="PASS" signature="SendData()[pri:2, instance:EST_TimeZone.TestNgExp16@1f7030a6]" name="SendData" duration-ms="4252" started-at="2020-08-24T18:54:30 IST" finished-at="2020-08-24T18:54:34 IST">
          <reporter-output>
          </reporter-output>
        </test-method> <!-- SendData -->
        <test-method status="PASS" signature="Helight()[pri:3, instance:EST_TimeZone.TestNgExp16@1f7030a6]" name="Helight" duration-ms="4111" started-at="2020-08-24T18:54:34 IST" finished-at="2020-08-24T18:54:39 IST">
          <reporter-output>
          </reporter-output>
        </test-method> <!-- Helight -->
        <test-method status="PASS" signature="Scroll()[pri:4, instance:EST_TimeZone.TestNgExp16@1f7030a6]" name="Scroll" duration-ms="4055" started-at="2020-08-24T18:54:39 IST" finished-at="2020-08-24T18:54:43 IST">
          <reporter-output>
          </reporter-output>
        </test-method> <!-- Scroll -->
        <test-method status="FAIL" signature="Navigater()[pri:5, instance:EST_TimeZone.TestNgExp16@1f7030a6]" name="Navigater" duration-ms="14616" started-at="2020-08-24T18:54:43 IST" finished-at="2020-08-24T18:54:57 IST">
          <exception class="java.lang.NullPointerException">
            <full-stacktrace>
              <![CDATA[java.lang.NullPointerException
at EST_TimeZone.TestNgExp16.Navigater(TestNgExp16.java:62)
at sun.reflect.NativeMethodAccessorImpl.invoke0(Native Method)
at sun.reflect.NativeMethodAccessorImpl.invoke(NativeMethodAccessorImpl.java:62)
at sun.reflect.DelegatingMethodAccessorImpl.invoke(DelegatingMethodAccessorImpl.java:43)
at java.lang.reflect.Method.invoke(Method.java:498)
at org.testng.internal.MethodInvocationHelper.invokeMethod(MethodInvocationHelper.java:133)
at org.testng.internal.TestInvoker.invokeMethod(TestInvoker.java:584)
at org.testng.internal.TestInvoker.invokeTestMethod(TestInvoker.java:172)
at org.testng.internal.MethodRunner.runInSequence(MethodRunner.java:46)
at org.testng.internal.TestInvoker$MethodInvocationAgent.invoke(TestInvoker.java:804)
at org.testng.internal.TestInvoker.invokeTestMethods(TestInvoker.java:145)
at org.testng.internal.TestMethodWorker.invokeTestMethods(TestMethodWorker.java:146)
at org.testng.internal.TestMethodWorker.run(TestMethodWorker.java:128)
at java.util.ArrayList.forEach(ArrayList.java:1257)
at org.testng.TestRunner.privateRun(TestRunner.java:770)
at org.testng.TestRunner.run(TestRunner.java:591)
at org.testng.SuiteRunner.runTest(SuiteRunner.java:402)
at org.testng.SuiteRunner.runSequentially(SuiteRunner.java:396)
at org.testng.SuiteRunner.privateRun(SuiteRunner.java:355)
at org.testng.SuiteRunner.run(SuiteRunner.java:304)
at org.testng.SuiteRunnerWorker.runSuite(SuiteRunnerWorker.java:53)
at org.testng.SuiteRunnerWorker.run(SuiteRunnerWorker.java:96)
at org.testng.TestNG.runSuitesSequentially(TestNG.java:1180)
at org.testng.TestNG.runSuitesLocally(TestNG.java:1102)
at org.testng.TestNG.runSuites(TestNG.java:1032)
at org.testng.TestNG.run(TestNG.java:1000)
at org.testng.remote.AbstractRemoteTestNG.run(AbstractRemoteTestNG.java:115)
at org.testng.remote.RemoteTestNG.initAndRun(RemoteTestNG.java:251)
at org.testng.remote.RemoteTestNG.main(RemoteTestNG.java:77)
]]>
            </full-stacktrace>
          </exception> <!-- java.lang.NullPointerException -->
          <reporter-output>
          </reporter-output>
        </test-method> <!-- Navigater -->
      </class> <!-- EST_TimeZone.TestNgExp16 -->
    </test> <!-- Default test -->
  </suite> <!-- Default suite -->
</testng-results>
